"INFO 2015-12-29 17:03:48 org.springframework.web.context.ContextLoader     (285) - Root WebApplicationContext: initialization started
"INFO 2015-12-29 17:03:49 ework.web.context.support.XmlWebApplicationContext(510) - Refreshing Root WebApplicationContext: startup date [Tue Dec 29 17:03:49 CST 2015]; root of context hierarchy
"INFO 2015-12-29 17:03:49 ramework.beans.factory.xml.XmlBeanDefinitionReader(317) - Loading XML bean definitions from class path resource [spring-context.xml]
"INFO 2015-12-29 17:03:49 ramework.beans.factory.xml.XmlBeanDefinitionReader(317) - Loading XML bean definitions from class path resource [spring-mybatis.xml]
"DEBUG 2015-12-29 17:03:49 org.mybatis.spring.mapper.ClassPathMapperScanner  (292) - Ignored because not a concrete top-level class: URL [jar:file:/D:/local_repo/com/gaohan/mutipleprogram/dal/1.0-SNAPSHOT/dal-1.0-SNAPSHOT.jar!/com/gaohan/dal/module1/dataobject/PersonalInfoDo.class]
"DEBUG 2015-12-29 17:03:49 org.mybatis.spring.mapper.ClassPathMapperScanner  (292) - Ignored because not a concrete top-level class: URL [jar:file:/D:/local_repo/com/gaohan/mutipleprogram/dal/1.0-SNAPSHOT/dal-1.0-SNAPSHOT.jar!/com/gaohan/dal/module1/dataobject/PersonalInfoDoExample$Criteria.class]
"DEBUG 2015-12-29 17:03:49 org.mybatis.spring.mapper.ClassPathMapperScanner  (292) - Ignored because not a concrete top-level class: URL [jar:file:/D:/local_repo/com/gaohan/mutipleprogram/dal/1.0-SNAPSHOT/dal-1.0-SNAPSHOT.jar!/com/gaohan/dal/module1/dataobject/PersonalInfoDoExample$Criterion.class]
"DEBUG 2015-12-29 17:03:49 org.mybatis.spring.mapper.ClassPathMapperScanner  (292) - Ignored because not a concrete top-level class: URL [jar:file:/D:/local_repo/com/gaohan/mutipleprogram/dal/1.0-SNAPSHOT/dal-1.0-SNAPSHOT.jar!/com/gaohan/dal/module1/dataobject/PersonalInfoDoExample$GeneratedCriteria.class]
"DEBUG 2015-12-29 17:03:49 org.mybatis.spring.mapper.ClassPathMapperScanner  (292) - Ignored because not a concrete top-level class: URL [jar:file:/D:/local_repo/com/gaohan/mutipleprogram/dal/1.0-SNAPSHOT/dal-1.0-SNAPSHOT.jar!/com/gaohan/dal/module1/dataobject/PersonalInfoDoExample.class]
"DEBUG 2015-12-29 17:03:49 org.mybatis.spring.mapper.ClassPathMapperScanner  (286) - Identified candidate component class: URL [jar:file:/D:/local_repo/com/gaohan/mutipleprogram/dal/1.0-SNAPSHOT/dal-1.0-SNAPSHOT.jar!/com/gaohan/dal/module1/mapper/PersonalInfoDoMapper.class]
"DEBUG 2015-12-29 17:03:49 org.mybatis.spring.mapper.ClassPathMapperScanner  (164) - Creating MapperFactoryBean with name 'personalInfoDoMapper' and 'com.gaohan.dal.module1.mapper.PersonalInfoDoMapper' mapperInterface
"INFO 2015-12-29 17:03:49 ry.annotation.AutowiredAnnotationBeanPostProcessor(153) - JSR-330 'javax.inject.Inject' annotation found and supported for autowiring
"DEBUG 2015-12-29 17:03:49 com.gaohan.util.SpringContextHolder               (56) - [1]注入ApplicationContext到SpringContextHolder:{}Root WebApplicationContext: startup date [Tue Dec 29 17:03:49 CST 2015]; root of context hierarchy
"INFO 2015-12-29 17:03:50 com.alibaba.druid.pool.DruidDataSource            (669) - {dataSource-1} inited
"DEBUG 2015-12-29 17:03:50 org.mybatis.spring.SqlSessionFactoryBean          (362) - Property 'configLocation' not specified, using default MyBatis Configuration
"DEBUG 2015-12-29 17:03:50 org.mybatis.spring.SqlSessionFactoryBean          (383) - Scanned package: 'com.gaohan.dal' for aliases
"DEBUG 2015-12-29 17:03:50 org.mybatis.spring.SqlSessionFactoryBean          (477) - Property 'mapperLocations' was not specified or no matching resources found
"INFO 2015-12-29 17:03:50 org.springframework.web.context.ContextLoader     (325) - Root WebApplicationContext: initialization completed in 1350 ms
"INFO 2015-12-29 17:03:50 org.springframework.web.servlet.DispatcherServlet (484) - FrameworkServlet 'dispatcher': initialization started
"INFO 2015-12-29 17:03:50 ework.web.context.support.XmlWebApplicationContext(510) - Refreshing WebApplicationContext for namespace 'dispatcher-servlet': startup date [Tue Dec 29 17:03:50 CST 2015]; parent: Root WebApplicationContext
"INFO 2015-12-29 17:03:50 ramework.beans.factory.xml.XmlBeanDefinitionReader(317) - Loading XML bean definitions from class path resource [spring-mvc.xml]
"INFO 2015-12-29 17:03:50 ry.annotation.AutowiredAnnotationBeanPostProcessor(153) - JSR-330 'javax.inject.Inject' annotation found and supported for autowiring
"DEBUG 2015-12-29 17:03:50 com.gaohan.util.SpringContextHolder               (56) - [1]注入ApplicationContext到SpringContextHolder:{}WebApplicationContext for namespace 'dispatcher-servlet': startup date [Tue Dec 29 17:03:50 CST 2015]; parent: Root WebApplicationContext
"INFO 2015-12-29 17:03:50 mvc.method.annotation.RequestMappingHandlerMapping(217) - Mapped "{[/personal/info/get],methods=[POST],params=[],headers=[],consumes=[],produces=[],custom=[]}" onto public com.gaohan.web.result.WebResult<com.gaohan.biz.module1.vo.PersonalInfoVo> com.gaohan.web.controller.PersonalInfoController.getPersonalInfo(java.lang.Long)
"DEBUG 2015-12-29 17:03:50 org.jboss.logging                                 (29) - Logging Provider: org.jboss.logging.Log4jLoggerProvider
"INFO 2015-12-29 17:03:50 org.hibernate.validator.internal.util.Version     (27) - HV000001: Hibernate Validator 5.1.3.Final
"DEBUG 2015-12-29 17:03:50 nternal.engine.resolver.DefaultTraversableResolver(80) - Cannot find javax.persistence.Persistence on classpath. Assuming non JPA 2 environment. All properties will per default be traversable.
"DEBUG 2015-12-29 17:03:50 ernate.validator.internal.engine.ConfigurationImpl(123) - Setting custom MessageInterpolator of type org.springframework.validation.beanvalidation.LocaleContextMessageInterpolator
"DEBUG 2015-12-29 17:03:50 ernate.validator.internal.engine.ConfigurationImpl(145) - Setting custom ConstraintValidatorFactory of type org.springframework.validation.beanvalidation.SpringConstraintValidatorFactory
"DEBUG 2015-12-29 17:03:50 ernate.validator.internal.engine.ConfigurationImpl(159) - Setting custom ParameterNameProvider of type com.sun.proxy.$Proxy34
"DEBUG 2015-12-29 17:03:50 bernate.validator.internal.xml.ValidationXmlParser(91) - Trying to load META-INF/validation.xml for XML based Validator configuration.
"DEBUG 2015-12-29 17:03:50 bernate.validator.internal.xml.ValidationXmlParser(98) - No META-INF/validation.xml found. Using annotation based configuration only.
"INFO 2015-12-29 17:03:51 mvc.method.annotation.RequestMappingHandlerAdapter(517) - Looking for @ControllerAdvice: WebApplicationContext for namespace 'dispatcher-servlet': startup date [Tue Dec 29 17:03:50 CST 2015]; parent: Root WebApplicationContext
"INFO 2015-12-29 17:03:51 mvc.method.annotation.RequestMappingHandlerAdapter(517) - Looking for @ControllerAdvice: WebApplicationContext for namespace 'dispatcher-servlet': startup date [Tue Dec 29 17:03:50 CST 2015]; parent: Root WebApplicationContext
"INFO 2015-12-29 17:03:51 mework.web.servlet.handler.SimpleUrlHandlerMapping(314) - Mapped URL path [/resources/**] onto handler 'org.springframework.web.servlet.resource.ResourceHttpRequestHandler#0'
"INFO 2015-12-29 17:03:51 mework.web.servlet.handler.SimpleUrlHandlerMapping(314) - Mapped URL path [/public/**] onto handler 'org.springframework.web.servlet.resource.ResourceHttpRequestHandler#1'
"INFO 2015-12-29 17:03:51 ework.web.servlet.view.velocity.VelocityConfigurer(221) - Loading Velocity config from [class path resource [velocity.properties]]
"INFO 2015-12-29 17:03:51 ework.web.servlet.view.velocity.VelocityConfigurer(140) - ClasspathResourceLoader with name 'springMacro' added to configured VelocityEngine
"INFO 2015-12-29 17:03:51 org.springframework.web.servlet.DispatcherServlet (503) - FrameworkServlet 'dispatcher': initialization completed in 1506 ms
"WARN 2015-12-29 17:09:21 org.springframework.web.servlet.PageNotFound      (1136) - No mapping found for HTTP request with URI [/] in DispatcherServlet with name 'dispatcher'
"WARN 2015-12-29 17:09:21 org.springframework.web.servlet.PageNotFound      (1136) - No mapping found for HTTP request with URI [/favicon.ico] in DispatcherServlet with name 'dispatcher'
"WARN 2015-12-29 17:09:31 org.springframework.web.servlet.PageNotFound      (198) - Request method 'GET' not supported
"INFO 2015-12-29 17:11:03 org.springframework.web.context.ContextLoader     (285) - Root WebApplicationContext: initialization started
"INFO 2015-12-29 17:11:03 ework.web.context.support.XmlWebApplicationContext(510) - Refreshing Root WebApplicationContext: startup date [Tue Dec 29 17:11:03 CST 2015]; root of context hierarchy
"INFO 2015-12-29 17:11:04 ramework.beans.factory.xml.XmlBeanDefinitionReader(317) - Loading XML bean definitions from class path resource [spring-context.xml]
"INFO 2015-12-29 17:11:05 ramework.beans.factory.xml.XmlBeanDefinitionReader(317) - Loading XML bean definitions from class path resource [spring-mybatis.xml]
"INFO 2015-12-29 17:11:05 ry.annotation.AutowiredAnnotationBeanPostProcessor(153) - JSR-330 'javax.inject.Inject' annotation found and supported for autowiring
"DEBUG 2015-12-29 17:11:05 com.gaohan.util.SpringContextHolder               (56) - [1]注入ApplicationContext到SpringContextHolder:{}Root WebApplicationContext: startup date [Tue Dec 29 17:11:03 CST 2015]; root of context hierarchy
"INFO 2015-12-29 17:11:06 com.alibaba.druid.pool.DruidDataSource            (669) - {dataSource-1} inited
"DEBUG 2015-12-29 17:11:06 org.mybatis.spring.SqlSessionFactoryBean          (362) - Property 'configLocation' not specified, using default MyBatis Configuration
"DEBUG 2015-12-29 17:11:06 org.mybatis.spring.SqlSessionFactoryBean          (383) - Scanned package: 'com.gaohan.dal' for aliases
"DEBUG 2015-12-29 17:11:06 org.mybatis.spring.SqlSessionFactoryBean          (477) - Property 'mapperLocations' was not specified or no matching resources found
"INFO 2015-12-29 17:11:06 org.springframework.web.context.ContextLoader     (325) - Root WebApplicationContext: initialization completed in 3331 ms
"INFO 2015-12-29 17:11:07 org.springframework.web.servlet.DispatcherServlet (484) - FrameworkServlet 'dispatcher': initialization started
"INFO 2015-12-29 17:11:07 ework.web.context.support.XmlWebApplicationContext(510) - Refreshing WebApplicationContext for namespace 'dispatcher-servlet': startup date [Tue Dec 29 17:11:07 CST 2015]; parent: Root WebApplicationContext
"INFO 2015-12-29 17:11:07 ramework.beans.factory.xml.XmlBeanDefinitionReader(317) - Loading XML bean definitions from class path resource [spring-mvc.xml]
"INFO 2015-12-29 17:11:07 ry.annotation.AutowiredAnnotationBeanPostProcessor(153) - JSR-330 'javax.inject.Inject' annotation found and supported for autowiring
"DEBUG 2015-12-29 17:11:07 com.gaohan.util.SpringContextHolder               (56) - [1]注入ApplicationContext到SpringContextHolder:{}WebApplicationContext for namespace 'dispatcher-servlet': startup date [Tue Dec 29 17:11:07 CST 2015]; parent: Root WebApplicationContext
"INFO 2015-12-29 17:11:07 mvc.method.annotation.RequestMappingHandlerMapping(217) - Mapped "{[/personal/info/get],methods=[],params=[],headers=[],consumes=[],produces=[],custom=[]}" onto public com.gaohan.web.result.WebResult<com.gaohan.biz.module1.vo.PersonalInfoVo> com.gaohan.web.controller.PersonalInfoController.getPersonalInfo(java.lang.Long)
"DEBUG 2015-12-29 17:11:07 org.jboss.logging                                 (29) - Logging Provider: org.jboss.logging.Log4jLoggerProvider
"INFO 2015-12-29 17:11:07 org.hibernate.validator.internal.util.Version     (27) - HV000001: Hibernate Validator 5.1.3.Final
"DEBUG 2015-12-29 17:11:07 nternal.engine.resolver.DefaultTraversableResolver(80) - Cannot find javax.persistence.Persistence on classpath. Assuming non JPA 2 environment. All properties will per default be traversable.
"DEBUG 2015-12-29 17:11:07 ernate.validator.internal.engine.ConfigurationImpl(123) - Setting custom MessageInterpolator of type org.springframework.validation.beanvalidation.LocaleContextMessageInterpolator
"DEBUG 2015-12-29 17:11:07 ernate.validator.internal.engine.ConfigurationImpl(145) - Setting custom ConstraintValidatorFactory of type org.springframework.validation.beanvalidation.SpringConstraintValidatorFactory
"DEBUG 2015-12-29 17:11:07 ernate.validator.internal.engine.ConfigurationImpl(159) - Setting custom ParameterNameProvider of type com.sun.proxy.$Proxy35
"DEBUG 2015-12-29 17:11:07 bernate.validator.internal.xml.ValidationXmlParser(91) - Trying to load META-INF/validation.xml for XML based Validator configuration.
"DEBUG 2015-12-29 17:11:07 bernate.validator.internal.xml.ValidationXmlParser(98) - No META-INF/validation.xml found. Using annotation based configuration only.
"INFO 2015-12-29 17:11:08 mvc.method.annotation.RequestMappingHandlerAdapter(517) - Looking for @ControllerAdvice: WebApplicationContext for namespace 'dispatcher-servlet': startup date [Tue Dec 29 17:11:07 CST 2015]; parent: Root WebApplicationContext
"INFO 2015-12-29 17:11:08 mvc.method.annotation.RequestMappingHandlerAdapter(517) - Looking for @ControllerAdvice: WebApplicationContext for namespace 'dispatcher-servlet': startup date [Tue Dec 29 17:11:07 CST 2015]; parent: Root WebApplicationContext
"INFO 2015-12-29 17:11:08 mework.web.servlet.handler.SimpleUrlHandlerMapping(314) - Mapped URL path [/resources/**] onto handler 'org.springframework.web.servlet.resource.ResourceHttpRequestHandler#0'
"INFO 2015-12-29 17:11:08 mework.web.servlet.handler.SimpleUrlHandlerMapping(314) - Mapped URL path [/public/**] onto handler 'org.springframework.web.servlet.resource.ResourceHttpRequestHandler#1'
"INFO 2015-12-29 17:11:08 ework.web.servlet.view.velocity.VelocityConfigurer(221) - Loading Velocity config from [class path resource [velocity.properties]]
"INFO 2015-12-29 17:11:08 ework.web.servlet.view.velocity.VelocityConfigurer(140) - ClasspathResourceLoader with name 'springMacro' added to configured VelocityEngine
"INFO 2015-12-29 17:11:08 org.springframework.web.servlet.DispatcherServlet (503) - FrameworkServlet 'dispatcher': initialization completed in 1739 ms
"INFO 2015-12-29 17:17:55 org.springframework.web.context.ContextLoader     (285) - Root WebApplicationContext: initialization started
"INFO 2015-12-29 17:17:56 ework.web.context.support.XmlWebApplicationContext(510) - Refreshing Root WebApplicationContext: startup date [Tue Dec 29 17:17:56 CST 2015]; root of context hierarchy
"INFO 2015-12-29 17:17:56 ramework.beans.factory.xml.XmlBeanDefinitionReader(317) - Loading XML bean definitions from class path resource [spring-context.xml]
"INFO 2015-12-29 17:17:57 ramework.beans.factory.xml.XmlBeanDefinitionReader(317) - Loading XML bean definitions from class path resource [spring-mybatis.xml]
"INFO 2015-12-29 17:17:57 ry.annotation.AutowiredAnnotationBeanPostProcessor(153) - JSR-330 'javax.inject.Inject' annotation found and supported for autowiring
"DEBUG 2015-12-29 17:17:58 com.gaohan.util.SpringContextHolder               (56) - [1]注入ApplicationContext到SpringContextHolder:{}Root WebApplicationContext: startup date [Tue Dec 29 17:17:56 CST 2015]; root of context hierarchy
"INFO 2015-12-29 17:17:58 com.alibaba.druid.pool.DruidDataSource            (669) - {dataSource-1} inited
"DEBUG 2015-12-29 17:17:58 org.mybatis.spring.SqlSessionFactoryBean          (362) - Property 'configLocation' not specified, using default MyBatis Configuration
"DEBUG 2015-12-29 17:17:59 org.mybatis.spring.SqlSessionFactoryBean          (383) - Scanned package: 'com.gaohan.dal' for aliases
"DEBUG 2015-12-29 17:17:59 org.mybatis.spring.SqlSessionFactoryBean          (477) - Property 'mapperLocations' was not specified or no matching resources found
"INFO 2015-12-29 17:17:59 org.springframework.web.context.ContextLoader     (325) - Root WebApplicationContext: initialization completed in 3599 ms
"INFO 2015-12-29 17:17:59 org.springframework.web.servlet.DispatcherServlet (484) - FrameworkServlet 'dispatcher': initialization started
"INFO 2015-12-29 17:17:59 ework.web.context.support.XmlWebApplicationContext(510) - Refreshing WebApplicationContext for namespace 'dispatcher-servlet': startup date [Tue Dec 29 17:17:59 CST 2015]; parent: Root WebApplicationContext
"INFO 2015-12-29 17:17:59 ramework.beans.factory.xml.XmlBeanDefinitionReader(317) - Loading XML bean definitions from class path resource [spring-mvc.xml]
"INFO 2015-12-29 17:18:00 ry.annotation.AutowiredAnnotationBeanPostProcessor(153) - JSR-330 'javax.inject.Inject' annotation found and supported for autowiring
"DEBUG 2015-12-29 17:18:00 com.gaohan.util.SpringContextHolder               (56) - [1]注入ApplicationContext到SpringContextHolder:{}WebApplicationContext for namespace 'dispatcher-servlet': startup date [Tue Dec 29 17:17:59 CST 2015]; parent: Root WebApplicationContext
"INFO 2015-12-29 17:18:00 mvc.method.annotation.RequestMappingHandlerMapping(217) - Mapped "{[/personal/info/get],methods=[],params=[],headers=[],consumes=[],produces=[],custom=[]}" onto public com.gaohan.web.result.WebResult<com.gaohan.biz.module1.vo.PersonalInfoVo> com.gaohan.web.controller.PersonalInfoController.getPersonalInfo(java.lang.Long)
"DEBUG 2015-12-29 17:18:00 org.jboss.logging                                 (29) - Logging Provider: org.jboss.logging.Log4jLoggerProvider
"INFO 2015-12-29 17:18:00 org.hibernate.validator.internal.util.Version     (27) - HV000001: Hibernate Validator 5.1.3.Final
"DEBUG 2015-12-29 17:18:00 nternal.engine.resolver.DefaultTraversableResolver(80) - Cannot find javax.persistence.Persistence on classpath. Assuming non JPA 2 environment. All properties will per default be traversable.
"DEBUG 2015-12-29 17:18:00 ernate.validator.internal.engine.ConfigurationImpl(123) - Setting custom MessageInterpolator of type org.springframework.validation.beanvalidation.LocaleContextMessageInterpolator
"DEBUG 2015-12-29 17:18:00 ernate.validator.internal.engine.ConfigurationImpl(145) - Setting custom ConstraintValidatorFactory of type org.springframework.validation.beanvalidation.SpringConstraintValidatorFactory
"DEBUG 2015-12-29 17:18:00 ernate.validator.internal.engine.ConfigurationImpl(159) - Setting custom ParameterNameProvider of type com.sun.proxy.$Proxy35
"DEBUG 2015-12-29 17:18:00 bernate.validator.internal.xml.ValidationXmlParser(91) - Trying to load META-INF/validation.xml for XML based Validator configuration.
"DEBUG 2015-12-29 17:18:00 bernate.validator.internal.xml.ValidationXmlParser(98) - No META-INF/validation.xml found. Using annotation based configuration only.
"INFO 2015-12-29 17:18:01 mvc.method.annotation.RequestMappingHandlerAdapter(517) - Looking for @ControllerAdvice: WebApplicationContext for namespace 'dispatcher-servlet': startup date [Tue Dec 29 17:17:59 CST 2015]; parent: Root WebApplicationContext
"INFO 2015-12-29 17:18:01 mvc.method.annotation.RequestMappingHandlerAdapter(517) - Looking for @ControllerAdvice: WebApplicationContext for namespace 'dispatcher-servlet': startup date [Tue Dec 29 17:17:59 CST 2015]; parent: Root WebApplicationContext
"INFO 2015-12-29 17:18:01 mework.web.servlet.handler.SimpleUrlHandlerMapping(314) - Mapped URL path [/resources/**] onto handler 'org.springframework.web.servlet.resource.ResourceHttpRequestHandler#0'
"INFO 2015-12-29 17:18:01 mework.web.servlet.handler.SimpleUrlHandlerMapping(314) - Mapped URL path [/public/**] onto handler 'org.springframework.web.servlet.resource.ResourceHttpRequestHandler#1'
"INFO 2015-12-29 17:18:01 ework.web.servlet.view.velocity.VelocityConfigurer(221) - Loading Velocity config from [class path resource [velocity.properties]]
"INFO 2015-12-29 17:18:01 ework.web.servlet.view.velocity.VelocityConfigurer(140) - ClasspathResourceLoader with name 'springMacro' added to configured VelocityEngine
"INFO 2015-12-29 17:18:01 org.springframework.web.servlet.DispatcherServlet (503) - FrameworkServlet 'dispatcher': initialization completed in 1915 ms
"INFO 2015-12-29 17:24:04 mvc.method.annotation.RequestMappingHandlerMapping(217) - Mapped "{[/personal/info/get],methods=[],params=[],headers=[],consumes=[],produces=[],custom=[]}" onto public com.gaohan.web.result.WebResult<com.gaohan.biz.module1.vo.PersonalInfoVo> com.gaohan.web.controller.PersonalInfoController.getPersonalInfo(java.lang.Long)
"INFO 2015-12-29 17:34:38 mvc.method.annotation.RequestMappingHandlerMapping(217) - Mapped "{[/personal/info/get],methods=[],params=[],headers=[],consumes=[],produces=[],custom=[]}" onto public com.gaohan.web.result.WebResult<com.gaohan.biz.module1.vo.PersonalInfoVo> com.gaohan.web.controller.PersonalInfoController.getPersonalInfo(java.lang.Long)
"INFO 2015-12-29 17:35:35 mvc.method.annotation.RequestMappingHandlerMapping(217) - Mapped "{[/personal/info/get],methods=[],params=[],headers=[],consumes=[],produces=[],custom=[]}" onto public com.gaohan.web.result.WebResult<com.gaohan.biz.module1.vo.PersonalInfoVo> com.gaohan.web.controller.PersonalInfoController.getPersonalInfo(java.lang.Long)
"INFO 2015-12-29 17:58:26 org.springframework.web.context.ContextLoader     (285) - Root WebApplicationContext: initialization started
"INFO 2015-12-29 17:58:26 ework.web.context.support.XmlWebApplicationContext(510) - Refreshing Root WebApplicationContext: startup date [Tue Dec 29 17:58:26 CST 2015]; root of context hierarchy
"INFO 2015-12-29 17:58:26 ramework.beans.factory.xml.XmlBeanDefinitionReader(317) - Loading XML bean definitions from class path resource [spring-context.xml]
"INFO 2015-12-29 17:58:27 ramework.beans.factory.xml.XmlBeanDefinitionReader(317) - Loading XML bean definitions from class path resource [spring-mybatis.xml]
"DEBUG 2015-12-29 17:58:27 org.mybatis.spring.mapper.ClassPathMapperScanner  (292) - Ignored because not a concrete top-level class: URL [jar:file:/D:/local_repo/com/gaohan/mutipleprogram/dal/1.0-SNAPSHOT/dal-1.0-SNAPSHOT.jar!/com/gaohan/dal/module1/dataobject/PersonalInfoDo.class]
"DEBUG 2015-12-29 17:58:27 org.mybatis.spring.mapper.ClassPathMapperScanner  (292) - Ignored because not a concrete top-level class: URL [jar:file:/D:/local_repo/com/gaohan/mutipleprogram/dal/1.0-SNAPSHOT/dal-1.0-SNAPSHOT.jar!/com/gaohan/dal/module1/dataobject/PersonalInfoDoExample$Criteria.class]
"DEBUG 2015-12-29 17:58:27 org.mybatis.spring.mapper.ClassPathMapperScanner  (292) - Ignored because not a concrete top-level class: URL [jar:file:/D:/local_repo/com/gaohan/mutipleprogram/dal/1.0-SNAPSHOT/dal-1.0-SNAPSHOT.jar!/com/gaohan/dal/module1/dataobject/PersonalInfoDoExample$Criterion.class]
"DEBUG 2015-12-29 17:58:27 org.mybatis.spring.mapper.ClassPathMapperScanner  (292) - Ignored because not a concrete top-level class: URL [jar:file:/D:/local_repo/com/gaohan/mutipleprogram/dal/1.0-SNAPSHOT/dal-1.0-SNAPSHOT.jar!/com/gaohan/dal/module1/dataobject/PersonalInfoDoExample$GeneratedCriteria.class]
"DEBUG 2015-12-29 17:58:27 org.mybatis.spring.mapper.ClassPathMapperScanner  (292) - Ignored because not a concrete top-level class: URL [jar:file:/D:/local_repo/com/gaohan/mutipleprogram/dal/1.0-SNAPSHOT/dal-1.0-SNAPSHOT.jar!/com/gaohan/dal/module1/dataobject/PersonalInfoDoExample.class]
"DEBUG 2015-12-29 17:58:27 org.mybatis.spring.mapper.ClassPathMapperScanner  (286) - Identified candidate component class: URL [jar:file:/D:/local_repo/com/gaohan/mutipleprogram/dal/1.0-SNAPSHOT/dal-1.0-SNAPSHOT.jar!/com/gaohan/dal/module1/mapper/PersonalInfoDoMapper.class]
"DEBUG 2015-12-29 17:58:27 org.mybatis.spring.mapper.ClassPathMapperScanner  (164) - Creating MapperFactoryBean with name 'personalInfoDoMapper' and 'com.gaohan.dal.module1.mapper.PersonalInfoDoMapper' mapperInterface
"INFO 2015-12-29 17:58:27 ry.annotation.AutowiredAnnotationBeanPostProcessor(153) - JSR-330 'javax.inject.Inject' annotation found and supported for autowiring
"DEBUG 2015-12-29 17:58:27 com.gaohan.util.SpringContextHolder               (56) - [1]注入ApplicationContext到SpringContextHolder:{}Root WebApplicationContext: startup date [Tue Dec 29 17:58:26 CST 2015]; root of context hierarchy
"INFO 2015-12-29 17:58:27 com.alibaba.druid.pool.DruidDataSource            (669) - {dataSource-1} inited
"DEBUG 2015-12-29 17:58:27 org.mybatis.spring.SqlSessionFactoryBean          (362) - Property 'configLocation' not specified, using default MyBatis Configuration
"DEBUG 2015-12-29 17:58:27 org.mybatis.spring.SqlSessionFactoryBean          (383) - Scanned package: 'com.gaohan.dal' for aliases
"DEBUG 2015-12-29 17:58:27 org.mybatis.spring.SqlSessionFactoryBean          (477) - Property 'mapperLocations' was not specified or no matching resources found
"INFO 2015-12-29 17:58:28 org.springframework.web.context.ContextLoader     (325) - Root WebApplicationContext: initialization completed in 1291 ms
"INFO 2015-12-29 17:58:28 org.springframework.web.servlet.DispatcherServlet (484) - FrameworkServlet 'dispatcher': initialization started
"INFO 2015-12-29 17:58:28 ework.web.context.support.XmlWebApplicationContext(510) - Refreshing WebApplicationContext for namespace 'dispatcher-servlet': startup date [Tue Dec 29 17:58:28 CST 2015]; parent: Root WebApplicationContext
"INFO 2015-12-29 17:58:28 ramework.beans.factory.xml.XmlBeanDefinitionReader(317) - Loading XML bean definitions from class path resource [spring-mvc.xml]
"INFO 2015-12-29 17:58:28 ry.annotation.AutowiredAnnotationBeanPostProcessor(153) - JSR-330 'javax.inject.Inject' annotation found and supported for autowiring
"INFO 2015-12-29 17:58:28 mvc.method.annotation.RequestMappingHandlerMapping(217) - Mapped "{[/personal/info/get],methods=[],params=[],headers=[],consumes=[],produces=[],custom=[]}" onto public com.gaohan.web.result.WebResult<com.gaohan.biz.module1.vo.PersonalInfoVo> com.gaohan.web.controller.PersonalInfoController.getPersonalInfo(java.lang.Long)
"DEBUG 2015-12-29 17:58:28 org.jboss.logging                                 (29) - Logging Provider: org.jboss.logging.Log4jLoggerProvider
"INFO 2015-12-29 17:58:28 org.hibernate.validator.internal.util.Version     (27) - HV000001: Hibernate Validator 5.1.3.Final
"DEBUG 2015-12-29 17:58:28 nternal.engine.resolver.DefaultTraversableResolver(80) - Cannot find javax.persistence.Persistence on classpath. Assuming non JPA 2 environment. All properties will per default be traversable.
"DEBUG 2015-12-29 17:58:28 ernate.validator.internal.engine.ConfigurationImpl(123) - Setting custom MessageInterpolator of type org.springframework.validation.beanvalidation.LocaleContextMessageInterpolator
"DEBUG 2015-12-29 17:58:28 ernate.validator.internal.engine.ConfigurationImpl(145) - Setting custom ConstraintValidatorFactory of type org.springframework.validation.beanvalidation.SpringConstraintValidatorFactory
"DEBUG 2015-12-29 17:58:28 ernate.validator.internal.engine.ConfigurationImpl(159) - Setting custom ParameterNameProvider of type com.sun.proxy.$Proxy34
"DEBUG 2015-12-29 17:58:28 bernate.validator.internal.xml.ValidationXmlParser(91) - Trying to load META-INF/validation.xml for XML based Validator configuration.
"DEBUG 2015-12-29 17:58:28 bernate.validator.internal.xml.ValidationXmlParser(98) - No META-INF/validation.xml found. Using annotation based configuration only.
"INFO 2015-12-29 17:58:29 mvc.method.annotation.RequestMappingHandlerAdapter(517) - Looking for @ControllerAdvice: WebApplicationContext for namespace 'dispatcher-servlet': startup date [Tue Dec 29 17:58:28 CST 2015]; parent: Root WebApplicationContext
"INFO 2015-12-29 17:58:29 mvc.method.annotation.RequestMappingHandlerAdapter(517) - Looking for @ControllerAdvice: WebApplicationContext for namespace 'dispatcher-servlet': startup date [Tue Dec 29 17:58:28 CST 2015]; parent: Root WebApplicationContext
"INFO 2015-12-29 17:58:29 mework.web.servlet.handler.SimpleUrlHandlerMapping(314) - Mapped URL path [/resources/**] onto handler 'org.springframework.web.servlet.resource.ResourceHttpRequestHandler#0'
"INFO 2015-12-29 17:58:29 mework.web.servlet.handler.SimpleUrlHandlerMapping(314) - Mapped URL path [/public/**] onto handler 'org.springframework.web.servlet.resource.ResourceHttpRequestHandler#1'
"INFO 2015-12-29 17:58:29 ework.web.servlet.view.velocity.VelocityConfigurer(221) - Loading Velocity config from [class path resource [velocity.properties]]
"INFO 2015-12-29 17:58:29 ework.web.servlet.view.velocity.VelocityConfigurer(140) - ClasspathResourceLoader with name 'springMacro' added to configured VelocityEngine
"INFO 2015-12-29 17:58:29 org.springframework.web.servlet.DispatcherServlet (503) - FrameworkServlet 'dispatcher': initialization completed in 1335 ms
